# JRE version: OpenJDK Runtime Environment (7.0_79-b14) (build 1.7.0_79-b14)
# Java VM: OpenJDK 64-Bit Server VM (24.79-b02 mixed mode linux-amd64 compressed oops)
Heap
 PSYoungGen      total 138752K, used 0K [0x00000000eb600000, 0x00000000f5000000, 0x0000000100000000)
  eden space 126464K, 0% used [0x00000000eb600000,0x00000000eb600000,0x00000000f3180000)
  from space 12288K, 0% used [0x00000000f3180000,0x00000000f3180000,0x00000000f3d80000)
  to   space 13312K, 0% used [0x00000000f4300000,0x00000000f4300000,0x00000000f5000000)
 ParOldGen       total 41984K, used 22349K [0x00000000c2200000, 0x00000000c4b00000, 0x00000000eb600000)
  object space 41984K, 53% used [0x00000000c2200000,0x00000000c37d34e0,0x00000000c4b00000)
 PSPermGen       total 22016K, used 21841K [0x00000000b7c00000, 0x00000000b9180000, 0x00000000c2200000)
  object space 22016K, 99% used [0x00000000b7c00000,0x00000000b9154560,0x00000000b9180000)
GC Heap History (10 events):
Event: 4.585 GC heap after
Heap after GC invocations=5 (full 0):
 PSYoungGen      total 35328K, used 2544K [0x00000000eb600000, 0x00000000f0300000, 0x0000000100000000)
  eden space 32768K, 0% used [0x00000000eb600000,0x00000000eb600000,0x00000000ed600000)
  from space 2560K, 99% used [0x00000000ed600000,0x00000000ed87c010,0x00000000ed880000)
  to   space 6656K, 0% used [0x00000000efc80000,0x00000000efc80000,0x00000000f0300000)
 ParOldGen       total 41984K, used 6583K [0x00000000c2200000, 0x00000000c4b00000, 0x00000000eb600000)
  object space 41984K, 15% used [0x00000000c2200000,0x00000000c286de28,0x00000000c4b00000)
 PSPermGen       total 21504K, used 13104K [0x00000000b7c00000, 0x00000000b9100000, 0x00000000c2200000)
  object space 21504K, 60% used [0x00000000b7c00000,0x00000000b88cc398,0x00000000b9100000)
}
Event: 5.366 GC heap before
{Heap before GC invocations=6 (full 0):
 PSYoungGen      total 35328K, used 35312K [0x00000000eb600000, 0x00000000f0300000, 0x0000000100000000)
  eden space 32768K, 100% used [0x00000000eb600000,0x00000000ed600000,0x00000000ed600000)
  from space 2560K, 99% used [0x00000000ed600000,0x00000000ed87c010,0x00000000ed880000)
  to   space 6656K, 0% used [0x00000000efc80000,0x00000000efc80000,0x00000000f0300000)
 ParOldGen       total 41984K, used 6583K [0x00000000c2200000, 0x00000000c4b00000, 0x00000000eb600000)
  object space 41984K, 15% used [0x00000000c2200000,0x00000000c286de28,0x00000000c4b00000)
 PSPermGen       total 21504K, used 13172K [0x00000000b7c00000, 0x00000000b9100000, 0x00000000c2200000)
  object space 21504K, 61% used [0x00000000b7c00000,0x00000000b88dd2a0,0x00000000b9100000)
Event: 5.394 GC heap after
Heap after GC invocations=6 (full 0):
 PSYoungGen      total 71168K, used 3984K [0x00000000eb600000, 0x00000000f0200000, 0x0000000100000000)
  eden space 65536K, 0% used [0x00000000eb600000,0x00000000eb600000,0x00000000ef600000)
  from space 5632K, 70% used [0x00000000efc80000,0x00000000f0064010,0x00000000f0200000)
  to   space 6144K, 0% used [0x00000000ef600000,0x00000000ef600000,0x00000000efc00000)
 ParOldGen       total 41984K, used 6583K [0x00000000c2200000, 0x00000000c4b00000, 0x00000000eb600000)
  object space 41984K, 15% used [0x00000000c2200000,0x00000000c286de28,0x00000000c4b00000)
 PSPermGen       total 21504K, used 13172K [0x00000000b7c00000, 0x00000000b9100000, 0x00000000c2200000)
  object space 21504K, 61% used [0x00000000b7c00000,0x00000000b88dd2a0,0x00000000b9100000)
}
Event: 7.849 GC heap before
{Heap before GC invocations=7 (full 0):
 PSYoungGen      total 71168K, used 69520K [0x00000000eb600000, 0x00000000f0200000, 0x0000000100000000)
  eden space 65536K, 100% used [0x00000000eb600000,0x00000000ef600000,0x00000000ef600000)
  from space 5632K, 70% used [0x00000000efc80000,0x00000000f0064010,0x00000000f0200000)
  to   space 6144K, 0% used [0x00000000ef600000,0x00000000ef600000,0x00000000efc00000)
 ParOldGen       total 41984K, used 6583K [0x00000000c2200000, 0x00000000c4b00000, 0x00000000eb600000)
  object space 41984K, 15% used [0x00000000c2200000,0x00000000c286de28,0x00000000c4b00000)
 PSPermGen       total 21504K, used 14052K [0x00000000b7c00000, 0x00000000b9100000, 0x00000000c2200000)
  object space 21504K, 65% used [0x00000000b7c00000,0x00000000b89b92a0,0x00000000b9100000)
Event: 7.879 GC heap after
Heap after GC invocations=7 (full 0):
 PSYoungGen      total 71680K, used 6139K [0x00000000eb600000, 0x00000000f4500000, 0x0000000100000000)
  eden space 65536K, 0% used [0x00000000eb600000,0x00000000eb600000,0x00000000ef600000)
  from space 6144K, 99% used [0x00000000ef600000,0x00000000efbfec88,0x00000000efc00000)
  to   space 7680K, 0% used [0x00000000f3d80000,0x00000000f3d80000,0x00000000f4500000)
 ParOldGen       total 41984K, used 7918K [0x00000000c2200000, 0x00000000c4b00000, 0x00000000eb600000)
  object space 41984K, 18% used [0x00000000c2200000,0x00000000c29bb9a0,0x00000000c4b00000)
 PSPermGen       total 21504K, used 14052K [0x00000000b7c00000, 0x00000000b9100000, 0x00000000c2200000)
  object space 21504K, 65% used [0x00000000b7c00000,0x00000000b89b92a0,0x00000000b9100000)
}
Event: 10.413 GC heap before
{Heap before GC invocations=8 (full 0):
 PSYoungGen      total 71680K, used 71675K [0x00000000eb600000, 0x00000000f4500000, 0x0000000100000000)
  eden space 65536K, 100% used [0x00000000eb600000,0x00000000ef600000,0x00000000ef600000)
  from space 6144K, 99% used [0x00000000ef600000,0x00000000efbfec88,0x00000000efc00000)
  to   space 7680K, 0% used [0x00000000f3d80000,0x00000000f3d80000,0x00000000f4500000)
 ParOldGen       total 41984K, used 7918K [0x00000000c2200000, 0x00000000c4b00000, 0x00000000eb600000)
  object space 41984K, 18% used [0x00000000c2200000,0x00000000c29bb9a0,0x00000000c4b00000)
 PSPermGen       total 21504K, used 18871K [0x00000000b7c00000, 0x00000000b9100000, 0x00000000c2200000)
  object space 21504K, 87% used [0x00000000b7c00000,0x00000000b8e6dc50,0x00000000b9100000)
Event: 10.493 GC heap after
Heap after GC invocations=8 (full 0):
 PSYoungGen      total 134144K, used 7670K [0x00000000eb600000, 0x00000000f4e00000, 0x0000000100000000)
  eden space 126464K, 0% used [0x00000000eb600000,0x00000000eb600000,0x00000000f3180000)
  from space 7680K, 99% used [0x00000000f3d80000,0x00000000f44fdbc8,0x00000000f4500000)
  to   space 12288K, 0% used [0x00000000f3180000,0x00000000f3180000,0x00000000f3d80000)
 ParOldGen       total 41984K, used 16032K [0x00000000c2200000, 0x00000000c4b00000, 0x00000000eb600000)
  object space 41984K, 38% used [0x00000000c2200000,0x00000000c31a81f8,0x00000000c4b00000)
 PSPermGen       total 21504K, used 18871K [0x00000000b7c00000, 0x00000000b9100000, 0x00000000c2200000)
  object space 21504K, 87% used [0x00000000b7c00000,0x00000000b8e6dc50,0x00000000b9100000)
}
Event: 37.552 GC heap before
{Heap before GC invocations=9 (full 0):
 PSYoungGen      total 134144K, used 47399K [0x00000000eb600000, 0x00000000f4e00000, 0x0000000100000000)
  eden space 126464K, 31% used [0x00000000eb600000,0x00000000edccc350,0x00000000f3180000)
  from space 7680K, 99% used [0x00000000f3d80000,0x00000000f44fdbc8,0x00000000f4500000)
  to   space 12288K, 0% used [0x00000000f3180000,0x00000000f3180000,0x00000000f3d80000)
 ParOldGen       total 41984K, used 16032K [0x00000000c2200000, 0x00000000c4b00000, 0x00000000eb600000)
  object space 41984K, 38% used [0x00000000c2200000,0x00000000c31a81f8,0x00000000c4b00000)
 PSPermGen       total 22016K, used 21851K [0x00000000b7c00000, 0x00000000b9180000, 0x00000000c2200000)
  object space 22016K, 99% used [0x00000000b7c00000,0x00000000b9156f88,0x00000000b9180000)
Event: 37.859 GC heap after
Heap after GC invocations=9 (full 0):
 PSYoungGen      total 138752K, used 9976K [0x00000000eb600000, 0x00000000f5000000, 0x0000000100000000)
  eden space 126464K, 0% used [0x00000000eb600000,0x00000000eb600000,0x00000000f3180000)
  from space 12288K, 81% used [0x00000000f3180000,0x00000000f3b3e298,0x00000000f3d80000)
  to   space 13312K, 0% used [0x00000000f4300000,0x00000000f4300000,0x00000000f5000000)
 ParOldGen       total 41984K, used 17008K [0x00000000c2200000, 0x00000000c4b00000, 0x00000000eb600000)
  object space 41984K, 40% used [0x00000000c2200000,0x00000000c329c1f8,0x00000000c4b00000)
 PSPermGen       total 22016K, used 21851K [0x00000000b7c00000, 0x00000000b9180000, 0x00000000c2200000)
  object space 22016K, 99% used [0x00000000b7c00000,0x00000000b9156f88,0x00000000b9180000)
}
Event: 37.916 GC heap before
{Heap before GC invocations=10 (full 1):
 PSYoungGen      total 138752K, used 9976K [0x00000000eb600000, 0x00000000f5000000, 0x0000000100000000)
  eden space 126464K, 0% used [0x00000000eb600000,0x00000000eb600000,0x00000000f3180000)
  from space 12288K, 81% used [0x00000000f3180000,0x00000000f3b3e298,0x00000000f3d80000)
  to   space 13312K, 0% used [0x00000000f4300000,0x00000000f4300000,0x00000000f5000000)
 ParOldGen       total 41984K, used 17008K [0x00000000c2200000, 0x00000000c4b00000, 0x00000000eb600000)
  object space 41984K, 40% used [0x00000000c2200000,0x00000000c329c1f8,0x00000000c4b00000)
 PSPermGen       total 22016K, used 21851K [0x00000000b7c00000, 0x00000000b9180000, 0x00000000c2200000)
  object space 22016K, 99% used [0x00000000b7c00000,0x00000000b9156f88,0x00000000b9180000)

